# JRE version: OpenJDK Runtime Environment (8.0_242-b01) (build 1.8.0_242-release-1644-b01)
# Java VM: OpenJDK 64-Bit Server VM (25.242-b01 mixed mode windows-amd64 compressed oops)
Heap:
 PSYoungGen      total 201728K, used 32141K [0x00000000d5580000, 0x00000000e4680000, 0x0000000100000000)
  eden space 171520K, 13% used [0x00000000d5580000,0x00000000d6be4850,0x00000000dfd00000)
  from space 30208K, 30% used [0x00000000e1a00000,0x00000000e22fed60,0x00000000e3780000)
  to   space 29696K, 0% used [0x00000000dfd00000,0x00000000dfd00000,0x00000000e1a00000)
 ParOldGen       total 214528K, used 49364K [0x0000000080000000, 0x000000008d180000, 0x00000000d5580000)
  object space 214528K, 23% used [0x0000000080000000,0x0000000083035068,0x000000008d180000)
 Metaspace       used 92920K, capacity 97866K, committed 98856K, reserved 1134592K
  class space    used 12084K, capacity 12966K, committed 13232K, reserved 1048576K
GC Heap History (10 events):
Event: 1157.123 GC heap before
{Heap before GC invocations=26 (full 3):
 PSYoungGen      total 215040K, used 205358K [0x00000000d5580000, 0x00000000e4d00000, 0x0000000100000000)
  eden space 186880K, 100% used [0x00000000d5580000,0x00000000e0c00000,0x00000000e0c00000)
  from space 28160K, 65% used [0x00000000e3180000,0x00000000e438b978,0x00000000e4d00000)
  to   space 33280K, 0% used [0x00000000e0c00000,0x00000000e0c00000,0x00000000e2c80000)
 ParOldGen       total 147968K, used 58716K [0x0000000080000000, 0x0000000089080000, 0x00000000d5580000)
  object space 147968K, 39% used [0x0000000080000000,0x00000000839573a8,0x0000000089080000)
 Metaspace       used 92226K, capacity 97570K, committed 97840K, reserved 1134592K
  class space    used 12151K, capacity 13076K, committed 13104K, reserved 1048576K
Event: 1157.159 GC heap after
Heap after GC invocations=26 (full 3):
 PSYoungGen      total 198144K, used 16437K [0x00000000d5580000, 0x00000000e4480000, 0x0000000100000000)
  eden space 181248K, 0% used [0x00000000d5580000,0x00000000d5580000,0x00000000e0680000)
  from space 16896K, 97% used [0x00000000e0c00000,0x00000000e1c0d490,0x00000000e1c80000)
  to   space 31744K, 0% used [0x00000000e2580000,0x00000000e2580000,0x00000000e4480000)
 ParOldGen       total 147968K, used 61669K [0x0000000080000000, 0x0000000089080000, 0x00000000d5580000)
  object space 147968K, 41% used [0x0000000080000000,0x0000000083c394b0,0x0000000089080000)
 Metaspace       used 92226K, capacity 97570K, committed 97840K, reserved 1134592K
  class space    used 12151K, capacity 13076K, committed 13104K, reserved 1048576K
}
Event: 1317.311 GC heap before
{Heap before GC invocations=27 (full 3):
 PSYoungGen      total 198144K, used 197685K [0x00000000d5580000, 0x00000000e4480000, 0x0000000100000000)
  eden space 181248K, 100% used [0x00000000d5580000,0x00000000e0680000,0x00000000e0680000)
  from space 16896K, 97% used [0x00000000e0c00000,0x00000000e1c0d490,0x00000000e1c80000)
  to   space 31744K, 0% used [0x00000000e2580000,0x00000000e2580000,0x00000000e4480000)
 ParOldGen       total 147968K, used 61669K [0x0000000080000000, 0x0000000089080000, 0x00000000d5580000)
  object space 147968K, 41% used [0x0000000080000000,0x0000000083c394b0,0x0000000089080000)
 Metaspace       used 92510K, capacity 97722K, committed 97840K, reserved 1134592K
  class space    used 12158K, capacity 13088K, committed 13104K, reserved 1048576K
Event: 1317.334 GC heap after
Heap after GC invocations=27 (full 3):
 PSYoungGen      total 200704K, used 12180K [0x00000000d5580000, 0x00000000e3d80000, 0x0000000100000000)
  eden space 176128K, 0% used [0x00000000d5580000,0x00000000d5580000,0x00000000e0180000)
  from space 24576K, 49% used [0x00000000e2580000,0x00000000e3165368,0x00000000e3d80000)
  to   space 30720K, 0% used [0x00000000e0180000,0x00000000e0180000,0x00000000e1f80000)
 ParOldGen       total 147968K, used 61677K [0x0000000080000000, 0x0000000089080000, 0x00000000d5580000)
  object space 147968K, 41% used [0x0000000080000000,0x0000000083c3b4b0,0x0000000089080000)
 Metaspace       used 92510K, capacity 97722K, committed 97840K, reserved 1134592K
  class space    used 12158K, capacity 13088K, committed 13104K, reserved 1048576K
}
Event: 1759.227 GC heap before
{Heap before GC invocations=28 (full 3):
 PSYoungGen      total 200704K, used 182366K [0x00000000d5580000, 0x00000000e3d80000, 0x0000000100000000)
  eden space 176128K, 96% used [0x00000000d5580000,0x00000000dfbb2678,0x00000000e0180000)
  from space 24576K, 49% used [0x00000000e2580000,0x00000000e3165368,0x00000000e3d80000)
  to   space 30720K, 0% used [0x00000000e0180000,0x00000000e0180000,0x00000000e1f80000)
 ParOldGen       total 147968K, used 61677K [0x0000000080000000, 0x0000000089080000, 0x00000000d5580000)
  object space 147968K, 41% used [0x0000000080000000,0x0000000083c3b4b0,0x0000000089080000)
 Metaspace       used 92976K, capacity 98458K, committed 98600K, reserved 1134592K
  class space    used 12188K, capacity 13144K, committed 13232K, reserved 1048576K
Event: 1759.242 GC heap after
Heap after GC invocations=28 (full 3):
 PSYoungGen      total 181248K, used 9975K [0x00000000d5580000, 0x00000000e3780000, 0x0000000100000000)
  eden space 171008K, 0% used [0x00000000d5580000,0x00000000d5580000,0x00000000dfc80000)
  from space 10240K, 97% used [0x00000000e0180000,0x00000000e0b3de60,0x00000000e0b80000)
  to   space 30208K, 0% used [0x00000000e1a00000,0x00000000e1a00000,0x00000000e3780000)
 ParOldGen       total 147968K, used 61685K [0x0000000080000000, 0x0000000089080000, 0x00000000d5580000)
  object space 147968K, 41% used [0x0000000080000000,0x0000000083c3d4b0,0x0000000089080000)
 Metaspace       used 92976K, capacity 98458K, committed 98600K, reserved 1134592K
  class space    used 12188K, capacity 13144K, committed 13232K, reserved 1048576K
}
Event: 1759.242 GC heap before
{Heap before GC invocations=29 (full 4):
 PSYoungGen      total 181248K, used 9975K [0x00000000d5580000, 0x00000000e3780000, 0x0000000100000000)
  eden space 171008K, 0% used [0x00000000d5580000,0x00000000d5580000,0x00000000dfc80000)
  from space 10240K, 97% used [0x00000000e0180000,0x00000000e0b3de60,0x00000000e0b80000)
  to   space 30208K, 0% used [0x00000000e1a00000,0x00000000e1a00000,0x00000000e3780000)
 ParOldGen       total 147968K, used 61685K [0x0000000080000000, 0x0000000089080000, 0x00000000d5580000)
  object space 147968K, 41% used [0x0000000080000000,0x0000000083c3d4b0,0x0000000089080000)
 Metaspace       used 92976K, capacity 98458K, committed 98600K, reserved 1134592K
  class space    used 12188K, capacity 13144K, committed 13232K, reserved 1048576K
Event: 1759.480 GC heap after
Heap after GC invocations=29 (full 4):
 PSYoungGen      total 181248K, used 0K [0x00000000d5580000, 0x00000000e3780000, 0x0000000100000000)
  eden space 171008K, 0% used [0x00000000d5580000,0x00000000d5580000,0x00000000dfc80000)
  from space 10240K, 0% used [0x00000000e0180000,0x00000000e0180000,0x00000000e0b80000)
  to   space 30208K, 0% used [0x00000000e1a00000,0x00000000e1a00000,0x00000000e3780000)
 ParOldGen       total 214528K, used 49356K [0x0000000080000000, 0x000000008d180000, 0x00000000d5580000)
  object space 214528K, 23% used [0x0000000080000000,0x0000000083033068,0x000000008d180000)
 Metaspace       used 92529K, capacity 97212K, committed 98600K, reserved 1134592K
  class space    used 12037K, capacity 12879K, committed 13232K, reserved 1048576K
}
Event: 2185.239 GC heap before
{Heap before GC invocations=30 (full 4):
 PSYoungGen      total 181248K, used 171008K [0x00000000d5580000, 0x00000000e3780000, 0x0000000100000000)
  eden space 171008K, 100% used [0x00000000d5580000,0x00000000dfc80000,0x00000000dfc80000)
  from space 10240K, 0% used [0x00000000e0180000,0x00000000e0180000,0x00000000e0b80000)
  to   space 30208K, 0% used [0x00000000e1a00000,0x00000000e1a00000,0x00000000e3780000)
 ParOldGen       total 214528K, used 49356K [0x0000000080000000, 0x000000008d180000, 0x00000000d5580000)
  object space 214528K, 23% used [0x0000000080000000,0x0000000083033068,0x000000008d180000)
 Metaspace       used 92611K, capacity 97328K, committed 98856K, reserved 1134592K
  class space    used 12041K, capacity 12887K, committed 13232K, reserved 1048576K
Event: 2185.254 GC heap after
Heap after GC invocations=30 (full 4):
 PSYoungGen      total 201728K, used 9211K [0x00000000d5580000, 0x00000000e4680000, 0x0000000100000000)
  eden space 171520K, 0% used [0x00000000d5580000,0x00000000d5580000,0x00000000dfd00000)
  from space 30208K, 30% used [0x00000000e1a00000,0x00000000e22fed60,0x00000000e3780000)
  to   space 29696K, 0% used [0x00000000dfd00000,0x00000000dfd00000,0x00000000e1a00000)
 ParOldGen       total 214528K, used 49364K [0x0000000080000000, 0x000000008d180000, 0x00000000d5580000)
  object space 214528K, 23% used [0x0000000080000000,0x0000000083035068,0x000000008d180000)
 Metaspace       used 92611K, capacity 97328K, committed 98856K, reserved 1134592K
  class space    used 12041K, capacity 12887K, committed 13232K, reserved 1048576K
}

